[21:47:41] [main/INFO]: Setting user: ForgeDevName
[21:47:42] [Client thread/INFO]: LWJGL Version: 2.9.1
[21:47:46] [Client thread/INFO]: Reloading ResourceManager: Default, FMLFileResourcePack:Forge Mod Loader, FMLFileResourcePack:Minecraft Forge, FMLFileResourcePack:Runecraft 2
[21:47:47] [Sound Library Loader/INFO]: Sound engine started
[21:47:50] [Client thread/INFO]: Created: 512x256 textures/blocks-atlas
[21:47:51] [Client thread/INFO]: Created: 2048x2048 textures/items-atlas
[21:47:51] [Client thread/INFO]: Reloading ResourceManager: Default, FMLFileResourcePack:Forge Mod Loader, FMLFileResourcePack:Minecraft Forge, FMLFileResourcePack:Runecraft 2
[21:47:51] [Client thread/INFO]: Created: 2048x2048 textures/items-atlas
[21:47:52] [Client thread/INFO]: Created: 512x256 textures/blocks-atlas
[21:47:53] [Sound Library Loader/INFO]: Sound engine started
[21:47:59] [Server thread/INFO]: Starting integrated minecraft server version 1.7.10
[21:47:59] [Server thread/INFO]: Generating keypair
[21:48:00] [Server thread/INFO]: Preparing start region for level 0
[21:48:01] [Server thread/INFO]: Changing view distance to 12, from 10
[21:48:01] [Server thread/INFO]: ForgeDevName[local:E:656b0862] logged in with entity id 95 at (-958.3268189725108, 4.0, 560.6681818435403)
[21:48:01] [Server thread/INFO]: ForgeDevName joined the game
[21:48:14] [Server thread/INFO]: Saving and pausing game...
[21:48:14] [Server thread/INFO]: Saving chunks for level 'New World'/Overworld
[21:48:14] [Server thread/INFO]: Saving chunks for level 'New World'/Nether
[21:48:14] [Server thread/INFO]: Saving chunks for level 'New World'/The End
